[2019-09-26 23:10:03.837] [exthost] [info] extension host started
[2019-09-26 23:10:03.903] [exthost] [info] ExtensionService#_doActivateExtension vscode.debug-auto-launch {"startup":true,"activationEvent":"*"}
[2019-09-26 23:10:03.903] [exthost] [info] ExtensionService#loadCommonJSModule /usr/share/code/resources/app/extensions/debug-auto-launch/dist/extension
[2019-09-26 23:10:03.920] [exthost] [info] ExtensionService#_doActivateExtension vscode.emmet {"startup":true,"activationEvent":"*"}
[2019-09-26 23:10:03.920] [exthost] [info] ExtensionService#loadCommonJSModule /usr/share/code/resources/app/extensions/emmet/dist/extension
[2019-09-26 23:10:03.971] [exthost] [info] ExtensionService#_doActivateExtension vscode.git {"startup":true,"activationEvent":"*"}
[2019-09-26 23:10:03.971] [exthost] [info] ExtensionService#loadCommonJSModule /usr/share/code/resources/app/extensions/git/dist/main
[2019-09-26 23:10:04.351] [exthost] [info] ExtensionService#_doActivateExtension vscode.merge-conflict {"startup":true,"activationEvent":"*"}
[2019-09-26 23:10:04.351] [exthost] [info] ExtensionService#loadCommonJSModule /usr/share/code/resources/app/extensions/merge-conflict/dist/extension
[2019-09-26 23:10:04.540] [exthost] [info] ExtensionService#_doActivateExtension ritwickdey.LiveServer {"startup":true,"activationEvent":"*"}
[2019-09-26 23:10:04.540] [exthost] [info] ExtensionService#loadCommonJSModule /root/.vscode/extensions/ritwickdey.liveserver-5.6.1/out/src/extension
[2019-09-26 23:10:11.501] [exthost] [info] eager extensions activated
[2019-09-26 23:10:40.538] [exthost] [info] ExtensionService#_doActivateExtension vscode.typescript-language-features {"startup":false,"activationEvent":"onLanguage:javascript"}
[2019-09-26 23:10:40.538] [exthost] [info] ExtensionService#loadCommonJSModule /usr/share/code/resources/app/extensions/typescript-language-features/dist/extension
[2019-09-26 23:11:40.609] [exthost] [error] [vscode.typescript-language-features] provider FAILED
[2019-09-26 23:11:40.609] [exthost] [error] {"label":"Acquiring typings...","detail":"Acquiring typings definitions for IntelliSense."}
[2019-09-26 23:11:48.269] [exthost] [error] [vscode.typescript-language-features] provider FAILED
[2019-09-26 23:11:48.269] [exthost] [error] {"label":"Acquiring typings...","detail":"Acquiring typings definitions for IntelliSense."}
[2019-09-26 23:11:49.209] [exthost] [error] [vscode.typescript-language-features] provider FAILED
[2019-09-26 23:11:49.209] [exthost] [error] {"label":"Acquiring typings...","detail":"Acquiring typings definitions for IntelliSense."}
[2019-09-26 23:11:49.692] [exthost] [error] [vscode.typescript-language-features] provider FAILED
[2019-09-26 23:11:49.692] [exthost] [error] {"label":"Acquiring typings...","detail":"Acquiring typings definitions for IntelliSense."}
[2019-09-26 23:11:55.015] [exthost] [error] [vscode.typescript-language-features] provider FAILED
[2019-09-26 23:11:55.015] [exthost] [error] {"label":"Acquiring typings...","detail":"Acquiring typings definitions for IntelliSense."}
[2019-09-26 23:11:55.597] [exthost] [error] [vscode.typescript-language-features] provider FAILED
[2019-09-26 23:11:55.597] [exthost] [error] {"label":"Acquiring typings...","detail":"Acquiring typings definitions for IntelliSense."}
[2019-09-26 23:11:55.934] [exthost] [error] [vscode.typescript-language-features] provider FAILED
[2019-09-26 23:11:55.935] [exthost] [error] {"label":"Acquiring typings...","detail":"Acquiring typings definitions for IntelliSense."}
[2019-09-26 23:11:56.941] [exthost] [error] [vscode.typescript-language-features] provider FAILED
[2019-09-26 23:11:56.941] [exthost] [error] {"label":"Acquiring typings...","detail":"Acquiring typings definitions for IntelliSense."}
[2019-09-26 23:12:37.640] [exthost] [info] ExtensionService#_doActivateExtension vscode.extension-editing {"startup":false,"activationEvent":"onLanguage:typescript"}
[2019-09-26 23:12:37.640] [exthost] [info] ExtensionService#loadCommonJSModule /usr/share/code/resources/app/extensions/extension-editing/dist/extension
[2019-09-26 23:19:21.451] [exthost] [info] ExtensionService#_doActivateExtension vscode.css-language-features {"startup":false,"activationEvent":"onLanguage:css"}
[2019-09-26 23:19:21.451] [exthost] [info] ExtensionService#loadCommonJSModule /usr/share/code/resources/app/extensions/css-language-features/client/dist/cssMain
[2019-09-26 23:21:10.205] [exthost] [info] ExtensionService#_doActivateExtension vscode.html-language-features {"startup":false,"activationEvent":"onLanguage:html"}
[2019-09-26 23:21:10.205] [exthost] [info] ExtensionService#loadCommonJSModule /usr/share/code/resources/app/extensions/html-language-features/client/dist/htmlMain
